[debug] [2023-12-17T01:26:15.008Z] ----------------------------------------------------------------------
[debug] [2023-12-17T01:26:15.009Z] Command:       /home/ziru/.nvm/versions/node/v18.18.2/bin/node /home/ziru/.nvm/versions/node/v18.18.2/bin/firebase deploy --debug
[debug] [2023-12-17T01:26:15.010Z] CLI Version:   13.0.0
[debug] [2023-12-17T01:26:15.010Z] Platform:      linux
[debug] [2023-12-17T01:26:15.010Z] Node Version:  v18.18.2
[debug] [2023-12-17T01:26:15.010Z] Time:          Sun Dec 17 2023 09:26:15 GMT+0800 (Central Indonesia Time)
[debug] [2023-12-17T01:26:15.010Z] ----------------------------------------------------------------------
[debug] 
[debug] [2023-12-17T01:26:15.055Z] > command requires scopes: ["email","openid","https://www.googleapis.com/auth/cloudplatformprojects.readonly","https://www.googleapis.com/auth/firebase","https://www.googleapis.com/auth/cloud-platform"]
[debug] [2023-12-17T01:26:15.056Z] > authorizing via signed-in user (ahmadsultanidayanullah@gmail.com)
[debug] [2023-12-17T01:26:15.056Z] [iam] checking project sistem-informasi-8 for permissions ["firebase.projects.get","firebasehosting.sites.update"]
[debug] [2023-12-17T01:26:15.057Z] >>> [apiv2][query] POST https://cloudresourcemanager.googleapis.com/v1/projects/sistem-informasi-8:testIamPermissions [none]
[debug] [2023-12-17T01:26:15.058Z] >>> [apiv2][(partial)header] POST https://cloudresourcemanager.googleapis.com/v1/projects/sistem-informasi-8:testIamPermissions x-goog-quota-user=projects/sistem-informasi-8
[debug] [2023-12-17T01:26:15.058Z] >>> [apiv2][body] POST https://cloudresourcemanager.googleapis.com/v1/projects/sistem-informasi-8:testIamPermissions {"permissions":["firebase.projects.get","firebasehosting.sites.update"]}
[debug] [2023-12-17T01:26:16.495Z] <<< [apiv2][status] POST https://cloudresourcemanager.googleapis.com/v1/projects/sistem-informasi-8:testIamPermissions 200
[debug] [2023-12-17T01:26:16.496Z] <<< [apiv2][body] POST https://cloudresourcemanager.googleapis.com/v1/projects/sistem-informasi-8:testIamPermissions {"permissions":["firebase.projects.get","firebasehosting.sites.update"]}
[debug] [2023-12-17T01:26:16.497Z] >>> [apiv2][query] GET https://firebase.googleapis.com/v1beta1/projects/sistem-informasi-8 [none]
[debug] [2023-12-17T01:26:16.991Z] <<< [apiv2][status] GET https://firebase.googleapis.com/v1beta1/projects/sistem-informasi-8 200
[debug] [2023-12-17T01:26:16.991Z] <<< [apiv2][body] GET https://firebase.googleapis.com/v1beta1/projects/sistem-informasi-8 {"projectId":"sistem-informasi-8","projectNumber":"662548231614","displayName":"sistem-informasi-8","name":"projects/sistem-informasi-8","resources":{"hostingSite":"sistem-informasi-8","storageBucket":"sistem-informasi-8.appspot.com","locationId":"asia-southeast2"},"state":"ACTIVE","etag":"1_cbda200f-7ba8-4759-8401-a100edfd694b"}
[debug] [2023-12-17T01:26:22.581Z] >>> [apiv2][query] GET https://firebasehosting.googleapis.com/v1beta1/projects/sistem-informasi-8/sites pageToken=&pageSize=10
[debug] [2023-12-17T01:26:23.663Z] <<< [apiv2][status] GET https://firebasehosting.googleapis.com/v1beta1/projects/sistem-informasi-8/sites 200
[debug] [2023-12-17T01:26:23.663Z] <<< [apiv2][body] GET https://firebasehosting.googleapis.com/v1beta1/projects/sistem-informasi-8/sites {"sites":[{"name":"projects/sistem-informasi-8/sites/sistem-informasi-8","defaultUrl":"https://sistem-informasi-8.web.app","appId":"1:662548231614:web:2a0189f386e07f82ae75ef","type":"DEFAULT_SITE"}]}
[debug] [2023-12-17T01:26:23.664Z] >>> [apiv2][query] GET https://firebase.googleapis.com/v1beta1/projects/-/webApps/1:662548231614:web:2a0189f386e07f82ae75ef/config [none]
[debug] [2023-12-17T01:26:25.306Z] <<< [apiv2][status] GET https://firebase.googleapis.com/v1beta1/projects/-/webApps/1:662548231614:web:2a0189f386e07f82ae75ef/config 200
[debug] [2023-12-17T01:26:25.306Z] <<< [apiv2][body] GET https://firebase.googleapis.com/v1beta1/projects/-/webApps/1:662548231614:web:2a0189f386e07f82ae75ef/config {"projectId":"sistem-informasi-8","appId":"1:662548231614:web:2a0189f386e07f82ae75ef","storageBucket":"sistem-informasi-8.appspot.com","locationId":"asia-southeast2","apiKey":"AIzaSyDrOQZkqWgStklSGNF6fjn8VlrEk7mz3oY","authDomain":"sistem-informasi-8.firebaseapp.com","messagingSenderId":"662548231614","measurementId":"G-EG8MBSCHVJ"}
[info] 
   Thank you for trying our experimental support for Vite on Firebase Hosting.
   While this integration is maintained by Googlers it is not a supported Firebase product.
   Issues filed on GitHub will be addressed on a best-effort basis by maintainers and other community members.

   Documentation: https://firebase.google.com/docs/hosting/frameworks/frameworks-overview
   File a bug: https://github.com/firebase/firebase-tools/issues/new?template=bug_report.md
   Submit a feature request: https://github.com/firebase/firebase-tools/issues/new?template=feature_request.md

   We'd love to learn from you. Express your interest in helping us shape the future of Firebase Hosting: https://goo.gle/41enW5X

[debug] [2023-12-17T01:27:10.302Z] [web frameworks] effective firebase.json:  {
  "hosting": [
    {
      "source": ".",
      "ignore": [
        "firebase.json",
        "**/.*",
        "**/node_modules/**"
      ],
      "frameworksBackend": {
        "region": "asia-east1"
      },
      "site": "sistem-informasi-8",
      "rewrites": [
        {
          "source": "**",
          "destination": "/index.html"
        }
      ],
      "redirects": [],
      "headers": [
        {
          "source": "**/*.[jt]s",
          "headers": [
            {
              "key": "Set-Cookie",
              "value": "__FIREBASE_DEFAULTS__=eyJjb25maWciOnsicHJvamVjdElkIjoic2lzdGVtLWluZm9ybWFzaS04IiwiYXBwSWQiOiIxOjY2MjU0ODIzMTYxNDp3ZWI6MmEwMTg5ZjM4NmUwN2Y4MmFlNzVlZiIsInN0b3JhZ2VCdWNrZXQiOiJzaXN0ZW0taW5mb3JtYXNpLTguYXBwc3BvdC5jb20iLCJsb2NhdGlvbklkIjoiYXNpYS1zb3V0aGVhc3QyIiwiYXBpS2V5IjoiQUl6YVN5RHJPUVprcVdnU3RrbFNHTkY2ZmpuOFZsckVrN216M29ZIiwiYXV0aERvbWFpbiI6InNpc3RlbS1pbmZvcm1hc2ktOC5maXJlYmFzZWFwcC5jb20iLCJtZXNzYWdpbmdTZW5kZXJJZCI6IjY2MjU0ODIzMTYxNCIsIm1lYXN1cmVtZW50SWQiOiJHLUVHOE1CU0NIVkoifX0; SameSite=Strict; Expires=2025-11-10T12:07:10.302Z; Path=/;"
            }
          ]
        }
      ],
      "cleanUrls": true,
      "public": ".firebase/sistem-informasi-8/hosting",
      "webFramework": "vite"
    }
  ]
}
[info] 
[info] === Deploying to 'sistem-informasi-8'...
[info] 
[info] i  deploying hosting 
[debug] [2023-12-17T01:27:10.325Z] >>> [apiv2][query] POST https://firebasehosting.googleapis.com/v1beta1/projects/-/sites/sistem-informasi-8/versions [none]
[debug] [2023-12-17T01:27:10.325Z] >>> [apiv2][body] POST https://firebasehosting.googleapis.com/v1beta1/projects/-/sites/sistem-informasi-8/versions {"status":"CREATED","labels":{"deployment-tool":"cli-firebase","firebase-web-framework":"vite"}}
[debug] [2023-12-17T01:27:12.429Z] <<< [apiv2][status] POST https://firebasehosting.googleapis.com/v1beta1/projects/-/sites/sistem-informasi-8/versions 200
[debug] [2023-12-17T01:27:12.429Z] <<< [apiv2][body] POST https://firebasehosting.googleapis.com/v1beta1/projects/-/sites/sistem-informasi-8/versions {"name":"projects/662548231614/sites/sistem-informasi-8/versions/7aa471a1c7747bc4","status":"CREATED","config":{},"labels":{"deployment-tool":"cli-firebase","firebase-web-framework":"vite"}}
[info] i  hosting[sistem-informasi-8]: beginning deploy... 
[info] i  hosting[sistem-informasi-8]: found 24 files in .firebase/sistem-informasi-8/hosting 
[debug] [2023-12-17T01:27:12.436Z] [hosting] uploading with 200 concurrency
[debug] [2023-12-17T01:27:12.437Z] [hosting] hash cache [LmZpcmViYXNlL3Npc3RlbS1pbmZvcm1hc2ktOC9ob3N0aW5n] not populated
[debug] [2023-12-17T01:27:12.542Z] [hosting] hash cache [LmZpcmViYXNlL3Npc3RlbS1pbmZvcm1hc2ktOC9ob3N0aW5n] stored for 24 files
[debug] [2023-12-17T01:27:12.542Z] [hosting][hash queue][FINAL] {"max":103,"min":10,"avg":18.791666666666668,"active":0,"complete":24,"success":24,"errored":0,"retried":0,"total":24,"elapsed":105}
[debug] [2023-12-17T01:27:12.543Z] >>> [apiv2][query] POST https://firebasehosting.googleapis.com/v1beta1/projects/662548231614/sites/sistem-informasi-8/versions/7aa471a1c7747bc4:populateFiles [none]
[debug] [2023-12-17T01:27:12.543Z] >>> [apiv2][body] POST https://firebasehosting.googleapis.com/v1beta1/projects/662548231614/sites/sistem-informasi-8/versions/7aa471a1c7747bc4:populateFiles {"files":{"/404.html":"b7bab6b83fa074653ff28c8d2a64135d3434575f70a12ab3d3ba8080461b9537","/index.html":"c550a119db63cc5539ccf47b09292fe54fed66ebb0deea34942587a7496d0c4d","/favicon.png":"b1478580497a5822da29f6e15dcb675c88e05446c6b3d13001abb36cfffd80a9","/manifest.json":"315c48dd51014f2f7f2f135693fcc60b0abdd3e494e664240cba1ac1e1961d47","/assets/focus-visible-9c13edeb.js":"11c57e7f8a3a0138cc50ff7d77667afa69ce70d67ac3d9f341f9127892155e92","/assets/focus-visible-legacy-b3e947fe.js":"72b934c8e6f3da2be2e09fea9326bd5552e53cbe8a0aeaec576ba47d6484c17d","/assets/index9-7bce3ca8.js":"0c5bd6a70dd43469006c2a93d61c28a754c971da714c4d16e49bc87c792e55af","/assets/index-c493d3d2.css":"ecca18b7fea12517d0b6c1a6f47c24b1d543fc4321a9642e54ed3c4906bbc393","/assets/index9-legacy-193116dd.js":"4866dd034b2c69630f323a5682eacf84256b8623709273043a0a4693462413d9","/assets/input-shims-b901ec19.js":"fc283e31cf06e9c4c2b958fef5aea7018ce2c706d7f8f288c90d6c8295974e00","/assets/input-shims-legacy-006ce6a7.js":"5a25a8ad2482bfce896d984a20ee590b6bd5b521ca3d66f7eab66fdca613a043","/assets/md.transition-37ca234e.js":"284d8f52742c57993770bfaee3048db235e52bee0e933e50a7ae3359eb81c571","/assets/ios.transition-6f0e751c.js":"c7a9c1ae0a42791ea4750676b91a0a4344beb72aba359b5464fa0cdf786c34be","/assets/md.transition-legacy-563bed8a.js":"280ad796ab003066fba4afd0121e461305b294e21bd2a25a9359b9144480a757","/assets/ios.transition-legacy-342bf457.js":"9000d759820bff05c1f80c12ef52bbeea4773a9c726a5c459c0a715ee2566b26","/assets/swipe-back-d325ca3b.js":"f2c06c9bff123f85e9385d5dfb3a32e4ed680f7dac9c06bfd352d9f0117ece2d","/assets/status-tap-legacy-11b08f53.js":"435916f497176aec07a8cf6740af0567339b21527f7ca3ba4860e3e4f130ac4e","/assets/swipe-back-legacy-82bd2ec8.js":"5058ba69db75fca9fe34679f057a01520ed90645a9ca81b1d7ec24a5c1ec0038","/assets/status-tap-904a0ed0.js":"424c1611df579b722b4e49e42024ef6e998587dfe9d143dc04f99d95e67a5307","/assets/polyfills-legacy-048e68ea.js":"72c612d5eac4f01c59f0d21acd357873b0483691c45670e7237410057c09e76b","/assets/VZTWBJH5-legacy-b1526d7d.js":"b5dda6f0f50eb1b8b21e1aae43031232af921bfc5a0d41cecb8e2c36a5c7a4ec","/assets/VZTWBJH5-4d6f2c14.js":"89703c423694c76ed278681f299f4747ef4b9e4f1cbdfa53d924a8b7b4d36e8c","/assets/index-legacy-63720fb5.js":"faa6f7c3df7c204188e04c137198a98cb72a73cc384ea04e2268ae72ed2cc7e9","/assets/index-db27ebb1.js":"dda1a5de35c4caebadea5177d0ed6e4ca53105f6cb06e23d8e7ea7554f8b4b8e"}}
[debug] [2023-12-17T01:27:13.654Z] <<< [apiv2][status] POST https://firebasehosting.googleapis.com/v1beta1/projects/662548231614/sites/sistem-informasi-8/versions/7aa471a1c7747bc4:populateFiles 200
[debug] [2023-12-17T01:27:13.654Z] <<< [apiv2][body] POST https://firebasehosting.googleapis.com/v1beta1/projects/662548231614/sites/sistem-informasi-8/versions/7aa471a1c7747bc4:populateFiles {"uploadRequiredHashes":["89703c423694c76ed278681f299f4747ef4b9e4f1cbdfa53d924a8b7b4d36e8c","0c5bd6a70dd43469006c2a93d61c28a754c971da714c4d16e49bc87c792e55af","fc283e31cf06e9c4c2b958fef5aea7018ce2c706d7f8f288c90d6c8295974e00","c7a9c1ae0a42791ea4750676b91a0a4344beb72aba359b5464fa0cdf786c34be","280ad796ab003066fba4afd0121e461305b294e21bd2a25a9359b9144480a757","b5dda6f0f50eb1b8b21e1aae43031232af921bfc5a0d41cecb8e2c36a5c7a4ec","284d8f52742c57993770bfaee3048db235e52bee0e933e50a7ae3359eb81c571","dda1a5de35c4caebadea5177d0ed6e4ca53105f6cb06e23d8e7ea7554f8b4b8e","4866dd034b2c69630f323a5682eacf84256b8623709273043a0a4693462413d9","424c1611df579b722b4e49e42024ef6e998587dfe9d143dc04f99d95e67a5307","faa6f7c3df7c204188e04c137198a98cb72a73cc384ea04e2268ae72ed2cc7e9","c550a119db63cc5539ccf47b09292fe54fed66ebb0deea34942587a7496d0c4d","435916f497176aec07a8cf6740af0567339b21527f7ca3ba4860e3e4f130ac4e","f2c06c9bff123f85e9385d5dfb3a32e4ed680f7dac9c06bfd352d9f0117ece2d","5a25a8ad2482bfce896d984a20ee590b6bd5b521ca3d66f7eab66fdca613a043","5058ba69db75fca9fe34679f057a01520ed90645a9ca81b1d7ec24a5c1ec0038","72c612d5eac4f01c59f0d21acd357873b0483691c45670e7237410057c09e76b","9000d759820bff05c1f80c12ef52bbeea4773a9c726a5c459c0a715ee2566b26"],"uploadUrl":"https://upload-firebasehosting.googleapis.com/upload/sites/sistem-informasi-8/versions/7aa471a1c7747bc4/files"}
[debug] [2023-12-17T01:27:13.656Z] >>> [apiv2][query] POST https://upload-firebasehosting.googleapis.com/upload/sites/sistem-informasi-8/versions/7aa471a1c7747bc4/files/89703c423694c76ed278681f299f4747ef4b9e4f1cbdfa53d924a8b7b4d36e8c [none]
[debug] [2023-12-17T01:27:13.656Z] >>> [apiv2][body] POST https://upload-firebasehosting.googleapis.com/upload/sites/sistem-informasi-8/versions/7aa471a1c7747bc4/files/89703c423694c76ed278681f299f4747ef4b9e4f1cbdfa53d924a8b7b4d36e8c [stream]
[debug] [2023-12-17T01:27:13.657Z] >>> [apiv2][query] POST https://upload-firebasehosting.googleapis.com/upload/sites/sistem-informasi-8/versions/7aa471a1c7747bc4/files/0c5bd6a70dd43469006c2a93d61c28a754c971da714c4d16e49bc87c792e55af [none]
[debug] [2023-12-17T01:27:13.657Z] >>> [apiv2][body] POST https://upload-firebasehosting.googleapis.com/upload/sites/sistem-informasi-8/versions/7aa471a1c7747bc4/files/0c5bd6a70dd43469006c2a93d61c28a754c971da714c4d16e49bc87c792e55af [stream]
[debug] [2023-12-17T01:27:13.658Z] >>> [apiv2][query] POST https://upload-firebasehosting.googleapis.com/upload/sites/sistem-informasi-8/versions/7aa471a1c7747bc4/files/fc283e31cf06e9c4c2b958fef5aea7018ce2c706d7f8f288c90d6c8295974e00 [none]
[debug] [2023-12-17T01:27:13.658Z] >>> [apiv2][body] POST https://upload-firebasehosting.googleapis.com/upload/sites/sistem-informasi-8/versions/7aa471a1c7747bc4/files/fc283e31cf06e9c4c2b958fef5aea7018ce2c706d7f8f288c90d6c8295974e00 [stream]
[debug] [2023-12-17T01:27:13.658Z] >>> [apiv2][query] POST https://upload-firebasehosting.googleapis.com/upload/sites/sistem-informasi-8/versions/7aa471a1c7747bc4/files/c7a9c1ae0a42791ea4750676b91a0a4344beb72aba359b5464fa0cdf786c34be [none]
[debug] [2023-12-17T01:27:13.659Z] >>> [apiv2][body] POST https://upload-firebasehosting.googleapis.com/upload/sites/sistem-informasi-8/versions/7aa471a1c7747bc4/files/c7a9c1ae0a42791ea4750676b91a0a4344beb72aba359b5464fa0cdf786c34be [stream]
[debug] [2023-12-17T01:27:13.659Z] >>> [apiv2][query] POST https://upload-firebasehosting.googleapis.com/upload/sites/sistem-informasi-8/versions/7aa471a1c7747bc4/files/280ad796ab003066fba4afd0121e461305b294e21bd2a25a9359b9144480a757 [none]
[debug] [2023-12-17T01:27:13.659Z] >>> [apiv2][body] POST https://upload-firebasehosting.googleapis.com/upload/sites/sistem-informasi-8/versions/7aa471a1c7747bc4/files/280ad796ab003066fba4afd0121e461305b294e21bd2a25a9359b9144480a757 [stream]
[debug] [2023-12-17T01:27:13.660Z] >>> [apiv2][query] POST https://upload-firebasehosting.googleapis.com/upload/sites/sistem-informasi-8/versions/7aa471a1c7747bc4/files/b5dda6f0f50eb1b8b21e1aae43031232af921bfc5a0d41cecb8e2c36a5c7a4ec [none]
[debug] [2023-12-17T01:27:13.660Z] >>> [apiv2][body] POST https://upload-firebasehosting.googleapis.com/upload/sites/sistem-informasi-8/versions/7aa471a1c7747bc4/files/b5dda6f0f50eb1b8b21e1aae43031232af921bfc5a0d41cecb8e2c36a5c7a4ec [stream]
[debug] [2023-12-17T01:27:13.661Z] >>> [apiv2][query] POST https://upload-firebasehosting.googleapis.com/upload/sites/sistem-informasi-8/versions/7aa471a1c7747bc4/files/284d8f52742c57993770bfaee3048db235e52bee0e933e50a7ae3359eb81c571 [none]
[debug] [2023-12-17T01:27:13.661Z] >>> [apiv2][body] POST https://upload-firebasehosting.googleapis.com/upload/sites/sistem-informasi-8/versions/7aa471a1c7747bc4/files/284d8f52742c57993770bfaee3048db235e52bee0e933e50a7ae3359eb81c571 [stream]
[debug] [2023-12-17T01:27:13.662Z] >>> [apiv2][query] POST https://upload-firebasehosting.googleapis.com/upload/sites/sistem-informasi-8/versions/7aa471a1c7747bc4/files/dda1a5de35c4caebadea5177d0ed6e4ca53105f6cb06e23d8e7ea7554f8b4b8e [none]
[debug] [2023-12-17T01:27:13.662Z] >>> [apiv2][body] POST https://upload-firebasehosting.googleapis.com/upload/sites/sistem-informasi-8/versions/7aa471a1c7747bc4/files/dda1a5de35c4caebadea5177d0ed6e4ca53105f6cb06e23d8e7ea7554f8b4b8e [stream]
[debug] [2023-12-17T01:27:13.663Z] >>> [apiv2][query] POST https://upload-firebasehosting.googleapis.com/upload/sites/sistem-informasi-8/versions/7aa471a1c7747bc4/files/4866dd034b2c69630f323a5682eacf84256b8623709273043a0a4693462413d9 [none]
[debug] [2023-12-17T01:27:13.663Z] >>> [apiv2][body] POST https://upload-firebasehosting.googleapis.com/upload/sites/sistem-informasi-8/versions/7aa471a1c7747bc4/files/4866dd034b2c69630f323a5682eacf84256b8623709273043a0a4693462413d9 [stream]
[debug] [2023-12-17T01:27:13.663Z] >>> [apiv2][query] POST https://upload-firebasehosting.googleapis.com/upload/sites/sistem-informasi-8/versions/7aa471a1c7747bc4/files/424c1611df579b722b4e49e42024ef6e998587dfe9d143dc04f99d95e67a5307 [none]
[debug] [2023-12-17T01:27:13.663Z] >>> [apiv2][body] POST https://upload-firebasehosting.googleapis.com/upload/sites/sistem-informasi-8/versions/7aa471a1c7747bc4/files/424c1611df579b722b4e49e42024ef6e998587dfe9d143dc04f99d95e67a5307 [stream]
[debug] [2023-12-17T01:27:13.664Z] >>> [apiv2][query] POST https://upload-firebasehosting.googleapis.com/upload/sites/sistem-informasi-8/versions/7aa471a1c7747bc4/files/faa6f7c3df7c204188e04c137198a98cb72a73cc384ea04e2268ae72ed2cc7e9 [none]
[debug] [2023-12-17T01:27:13.664Z] >>> [apiv2][body] POST https://upload-firebasehosting.googleapis.com/upload/sites/sistem-informasi-8/versions/7aa471a1c7747bc4/files/faa6f7c3df7c204188e04c137198a98cb72a73cc384ea04e2268ae72ed2cc7e9 [stream]
[debug] [2023-12-17T01:27:13.665Z] >>> [apiv2][query] POST https://upload-firebasehosting.googleapis.com/upload/sites/sistem-informasi-8/versions/7aa471a1c7747bc4/files/c550a119db63cc5539ccf47b09292fe54fed66ebb0deea34942587a7496d0c4d [none]
[debug] [2023-12-17T01:27:13.665Z] >>> [apiv2][body] POST https://upload-firebasehosting.googleapis.com/upload/sites/sistem-informasi-8/versions/7aa471a1c7747bc4/files/c550a119db63cc5539ccf47b09292fe54fed66ebb0deea34942587a7496d0c4d [stream]
[debug] [2023-12-17T01:27:13.666Z] >>> [apiv2][query] POST https://upload-firebasehosting.googleapis.com/upload/sites/sistem-informasi-8/versions/7aa471a1c7747bc4/files/435916f497176aec07a8cf6740af0567339b21527f7ca3ba4860e3e4f130ac4e [none]
[debug] [2023-12-17T01:27:13.666Z] >>> [apiv2][body] POST https://upload-firebasehosting.googleapis.com/upload/sites/sistem-informasi-8/versions/7aa471a1c7747bc4/files/435916f497176aec07a8cf6740af0567339b21527f7ca3ba4860e3e4f130ac4e [stream]
[debug] [2023-12-17T01:27:13.666Z] >>> [apiv2][query] POST https://upload-firebasehosting.googleapis.com/upload/sites/sistem-informasi-8/versions/7aa471a1c7747bc4/files/f2c06c9bff123f85e9385d5dfb3a32e4ed680f7dac9c06bfd352d9f0117ece2d [none]
[debug] [2023-12-17T01:27:13.666Z] >>> [apiv2][body] POST https://upload-firebasehosting.googleapis.com/upload/sites/sistem-informasi-8/versions/7aa471a1c7747bc4/files/f2c06c9bff123f85e9385d5dfb3a32e4ed680f7dac9c06bfd352d9f0117ece2d [stream]
[debug] [2023-12-17T01:27:13.667Z] >>> [apiv2][query] POST https://upload-firebasehosting.googleapis.com/upload/sites/sistem-informasi-8/versions/7aa471a1c7747bc4/files/5a25a8ad2482bfce896d984a20ee590b6bd5b521ca3d66f7eab66fdca613a043 [none]
[debug] [2023-12-17T01:27:13.667Z] >>> [apiv2][body] POST https://upload-firebasehosting.googleapis.com/upload/sites/sistem-informasi-8/versions/7aa471a1c7747bc4/files/5a25a8ad2482bfce896d984a20ee590b6bd5b521ca3d66f7eab66fdca613a043 [stream]
[debug] [2023-12-17T01:27:13.668Z] >>> [apiv2][query] POST https://upload-firebasehosting.googleapis.com/upload/sites/sistem-informasi-8/versions/7aa471a1c7747bc4/files/5058ba69db75fca9fe34679f057a01520ed90645a9ca81b1d7ec24a5c1ec0038 [none]
[debug] [2023-12-17T01:27:13.668Z] >>> [apiv2][body] POST https://upload-firebasehosting.googleapis.com/upload/sites/sistem-informasi-8/versions/7aa471a1c7747bc4/files/5058ba69db75fca9fe34679f057a01520ed90645a9ca81b1d7ec24a5c1ec0038 [stream]
[debug] [2023-12-17T01:27:13.668Z] >>> [apiv2][query] POST https://upload-firebasehosting.googleapis.com/upload/sites/sistem-informasi-8/versions/7aa471a1c7747bc4/files/72c612d5eac4f01c59f0d21acd357873b0483691c45670e7237410057c09e76b [none]
[debug] [2023-12-17T01:27:13.668Z] >>> [apiv2][body] POST https://upload-firebasehosting.googleapis.com/upload/sites/sistem-informasi-8/versions/7aa471a1c7747bc4/files/72c612d5eac4f01c59f0d21acd357873b0483691c45670e7237410057c09e76b [stream]
[debug] [2023-12-17T01:27:13.669Z] >>> [apiv2][query] POST https://upload-firebasehosting.googleapis.com/upload/sites/sistem-informasi-8/versions/7aa471a1c7747bc4/files/9000d759820bff05c1f80c12ef52bbeea4773a9c726a5c459c0a715ee2566b26 [none]
[debug] [2023-12-17T01:27:13.669Z] >>> [apiv2][body] POST https://upload-firebasehosting.googleapis.com/upload/sites/sistem-informasi-8/versions/7aa471a1c7747bc4/files/9000d759820bff05c1f80c12ef52bbeea4773a9c726a5c459c0a715ee2566b26 [stream]
[debug] [2023-12-17T01:27:13.670Z] [hosting][populate queue][FINAL] {"max":1115,"min":1115,"avg":1115,"active":0,"complete":1,"success":1,"errored":0,"retried":0,"total":1,"elapsed":1129}
[debug] [2023-12-17T01:27:13.670Z] [hosting] uploads queued: 18
[info] i  hosting: uploading new files [0/18] (0%) 
[debug] [2023-12-17T01:27:15.241Z] <<< [apiv2][status] POST https://upload-firebasehosting.googleapis.com/upload/sites/sistem-informasi-8/versions/7aa471a1c7747bc4/files/280ad796ab003066fba4afd0121e461305b294e21bd2a25a9359b9144480a757 200
[debug] [2023-12-17T01:27:15.241Z] <<< [apiv2][body] POST https://upload-firebasehosting.googleapis.com/upload/sites/sistem-informasi-8/versions/7aa471a1c7747bc4/files/280ad796ab003066fba4afd0121e461305b294e21bd2a25a9359b9144480a757 [stream]
[debug] [2023-12-17T01:27:15.242Z] <<< [apiv2][status] POST https://upload-firebasehosting.googleapis.com/upload/sites/sistem-informasi-8/versions/7aa471a1c7747bc4/files/0c5bd6a70dd43469006c2a93d61c28a754c971da714c4d16e49bc87c792e55af 200
[debug] [2023-12-17T01:27:15.242Z] <<< [apiv2][body] POST https://upload-firebasehosting.googleapis.com/upload/sites/sistem-informasi-8/versions/7aa471a1c7747bc4/files/0c5bd6a70dd43469006c2a93d61c28a754c971da714c4d16e49bc87c792e55af [stream]
[debug] [2023-12-17T01:27:15.247Z] <<< [apiv2][status] POST https://upload-firebasehosting.googleapis.com/upload/sites/sistem-informasi-8/versions/7aa471a1c7747bc4/files/fc283e31cf06e9c4c2b958fef5aea7018ce2c706d7f8f288c90d6c8295974e00 200
[debug] [2023-12-17T01:27:15.248Z] <<< [apiv2][body] POST https://upload-firebasehosting.googleapis.com/upload/sites/sistem-informasi-8/versions/7aa471a1c7747bc4/files/fc283e31cf06e9c4c2b958fef5aea7018ce2c706d7f8f288c90d6c8295974e00 [stream]
[debug] [2023-12-17T01:27:15.252Z] <<< [apiv2][status] POST https://upload-firebasehosting.googleapis.com/upload/sites/sistem-informasi-8/versions/7aa471a1c7747bc4/files/9000d759820bff05c1f80c12ef52bbeea4773a9c726a5c459c0a715ee2566b26 200
[debug] [2023-12-17T01:27:15.253Z] <<< [apiv2][body] POST https://upload-firebasehosting.googleapis.com/upload/sites/sistem-informasi-8/versions/7aa471a1c7747bc4/files/9000d759820bff05c1f80c12ef52bbeea4773a9c726a5c459c0a715ee2566b26 [stream]
[debug] [2023-12-17T01:27:15.326Z] <<< [apiv2][status] POST https://upload-firebasehosting.googleapis.com/upload/sites/sistem-informasi-8/versions/7aa471a1c7747bc4/files/f2c06c9bff123f85e9385d5dfb3a32e4ed680f7dac9c06bfd352d9f0117ece2d 200
[debug] [2023-12-17T01:27:15.326Z] <<< [apiv2][body] POST https://upload-firebasehosting.googleapis.com/upload/sites/sistem-informasi-8/versions/7aa471a1c7747bc4/files/f2c06c9bff123f85e9385d5dfb3a32e4ed680f7dac9c06bfd352d9f0117ece2d [stream]
[debug] [2023-12-17T01:27:15.358Z] <<< [apiv2][status] POST https://upload-firebasehosting.googleapis.com/upload/sites/sistem-informasi-8/versions/7aa471a1c7747bc4/files/5a25a8ad2482bfce896d984a20ee590b6bd5b521ca3d66f7eab66fdca613a043 200
[debug] [2023-12-17T01:27:15.358Z] <<< [apiv2][body] POST https://upload-firebasehosting.googleapis.com/upload/sites/sistem-informasi-8/versions/7aa471a1c7747bc4/files/5a25a8ad2482bfce896d984a20ee590b6bd5b521ca3d66f7eab66fdca613a043 [stream]
[debug] [2023-12-17T01:27:15.558Z] <<< [apiv2][status] POST https://upload-firebasehosting.googleapis.com/upload/sites/sistem-informasi-8/versions/7aa471a1c7747bc4/files/72c612d5eac4f01c59f0d21acd357873b0483691c45670e7237410057c09e76b 200
[debug] [2023-12-17T01:27:15.558Z] <<< [apiv2][body] POST https://upload-firebasehosting.googleapis.com/upload/sites/sistem-informasi-8/versions/7aa471a1c7747bc4/files/72c612d5eac4f01c59f0d21acd357873b0483691c45670e7237410057c09e76b [stream]
[debug] [2023-12-17T01:27:15.937Z] <<< [apiv2][status] POST https://upload-firebasehosting.googleapis.com/upload/sites/sistem-informasi-8/versions/7aa471a1c7747bc4/files/284d8f52742c57993770bfaee3048db235e52bee0e933e50a7ae3359eb81c571 200
[debug] [2023-12-17T01:27:15.937Z] <<< [apiv2][body] POST https://upload-firebasehosting.googleapis.com/upload/sites/sistem-informasi-8/versions/7aa471a1c7747bc4/files/284d8f52742c57993770bfaee3048db235e52bee0e933e50a7ae3359eb81c571 [stream]
[debug] [2023-12-17T01:27:15.989Z] <<< [apiv2][status] POST https://upload-firebasehosting.googleapis.com/upload/sites/sistem-informasi-8/versions/7aa471a1c7747bc4/files/4866dd034b2c69630f323a5682eacf84256b8623709273043a0a4693462413d9 200
[debug] [2023-12-17T01:27:15.989Z] <<< [apiv2][body] POST https://upload-firebasehosting.googleapis.com/upload/sites/sistem-informasi-8/versions/7aa471a1c7747bc4/files/4866dd034b2c69630f323a5682eacf84256b8623709273043a0a4693462413d9 [stream]
[debug] [2023-12-17T01:27:16.423Z] <<< [apiv2][status] POST https://upload-firebasehosting.googleapis.com/upload/sites/sistem-informasi-8/versions/7aa471a1c7747bc4/files/c7a9c1ae0a42791ea4750676b91a0a4344beb72aba359b5464fa0cdf786c34be 200
[debug] [2023-12-17T01:27:16.423Z] <<< [apiv2][body] POST https://upload-firebasehosting.googleapis.com/upload/sites/sistem-informasi-8/versions/7aa471a1c7747bc4/files/c7a9c1ae0a42791ea4750676b91a0a4344beb72aba359b5464fa0cdf786c34be [stream]
[info] i  hosting: uploading new files [10/18] (55%) 
[debug] [2023-12-17T01:27:16.537Z] <<< [apiv2][status] POST https://upload-firebasehosting.googleapis.com/upload/sites/sistem-informasi-8/versions/7aa471a1c7747bc4/files/424c1611df579b722b4e49e42024ef6e998587dfe9d143dc04f99d95e67a5307 200
[debug] [2023-12-17T01:27:16.537Z] <<< [apiv2][body] POST https://upload-firebasehosting.googleapis.com/upload/sites/sistem-informasi-8/versions/7aa471a1c7747bc4/files/424c1611df579b722b4e49e42024ef6e998587dfe9d143dc04f99d95e67a5307 [stream]
[debug] [2023-12-17T01:27:16.537Z] <<< [apiv2][status] POST https://upload-firebasehosting.googleapis.com/upload/sites/sistem-informasi-8/versions/7aa471a1c7747bc4/files/b5dda6f0f50eb1b8b21e1aae43031232af921bfc5a0d41cecb8e2c36a5c7a4ec 200
[debug] [2023-12-17T01:27:16.538Z] <<< [apiv2][body] POST https://upload-firebasehosting.googleapis.com/upload/sites/sistem-informasi-8/versions/7aa471a1c7747bc4/files/b5dda6f0f50eb1b8b21e1aae43031232af921bfc5a0d41cecb8e2c36a5c7a4ec [stream]
[debug] [2023-12-17T01:27:16.542Z] <<< [apiv2][status] POST https://upload-firebasehosting.googleapis.com/upload/sites/sistem-informasi-8/versions/7aa471a1c7747bc4/files/5058ba69db75fca9fe34679f057a01520ed90645a9ca81b1d7ec24a5c1ec0038 200
[debug] [2023-12-17T01:27:16.542Z] <<< [apiv2][body] POST https://upload-firebasehosting.googleapis.com/upload/sites/sistem-informasi-8/versions/7aa471a1c7747bc4/files/5058ba69db75fca9fe34679f057a01520ed90645a9ca81b1d7ec24a5c1ec0038 [stream]
[debug] [2023-12-17T01:27:16.677Z] <<< [apiv2][status] POST https://upload-firebasehosting.googleapis.com/upload/sites/sistem-informasi-8/versions/7aa471a1c7747bc4/files/89703c423694c76ed278681f299f4747ef4b9e4f1cbdfa53d924a8b7b4d36e8c 200
[debug] [2023-12-17T01:27:16.678Z] <<< [apiv2][body] POST https://upload-firebasehosting.googleapis.com/upload/sites/sistem-informasi-8/versions/7aa471a1c7747bc4/files/89703c423694c76ed278681f299f4747ef4b9e4f1cbdfa53d924a8b7b4d36e8c [stream]
[debug] [2023-12-17T01:27:17.127Z] <<< [apiv2][status] POST https://upload-firebasehosting.googleapis.com/upload/sites/sistem-informasi-8/versions/7aa471a1c7747bc4/files/435916f497176aec07a8cf6740af0567339b21527f7ca3ba4860e3e4f130ac4e 200
[debug] [2023-12-17T01:27:17.127Z] <<< [apiv2][body] POST https://upload-firebasehosting.googleapis.com/upload/sites/sistem-informasi-8/versions/7aa471a1c7747bc4/files/435916f497176aec07a8cf6740af0567339b21527f7ca3ba4860e3e4f130ac4e [stream]
[debug] [2023-12-17T01:27:17.243Z] <<< [apiv2][status] POST https://upload-firebasehosting.googleapis.com/upload/sites/sistem-informasi-8/versions/7aa471a1c7747bc4/files/c550a119db63cc5539ccf47b09292fe54fed66ebb0deea34942587a7496d0c4d 200
[debug] [2023-12-17T01:27:17.243Z] <<< [apiv2][body] POST https://upload-firebasehosting.googleapis.com/upload/sites/sistem-informasi-8/versions/7aa471a1c7747bc4/files/c550a119db63cc5539ccf47b09292fe54fed66ebb0deea34942587a7496d0c4d [stream]
[info] i  hosting: uploading new files [16/18] (88%) 
[debug] [2023-12-17T01:27:19.503Z] <<< [apiv2][status] POST https://upload-firebasehosting.googleapis.com/upload/sites/sistem-informasi-8/versions/7aa471a1c7747bc4/files/faa6f7c3df7c204188e04c137198a98cb72a73cc384ea04e2268ae72ed2cc7e9 200
[debug] [2023-12-17T01:27:19.503Z] <<< [apiv2][body] POST https://upload-firebasehosting.googleapis.com/upload/sites/sistem-informasi-8/versions/7aa471a1c7747bc4/files/faa6f7c3df7c204188e04c137198a98cb72a73cc384ea04e2268ae72ed2cc7e9 [stream]
[debug] [2023-12-17T01:27:19.504Z] <<< [apiv2][status] POST https://upload-firebasehosting.googleapis.com/upload/sites/sistem-informasi-8/versions/7aa471a1c7747bc4/files/dda1a5de35c4caebadea5177d0ed6e4ca53105f6cb06e23d8e7ea7554f8b4b8e 200
[debug] [2023-12-17T01:27:19.504Z] <<< [apiv2][body] POST https://upload-firebasehosting.googleapis.com/upload/sites/sistem-informasi-8/versions/7aa471a1c7747bc4/files/dda1a5de35c4caebadea5177d0ed6e4ca53105f6cb06e23d8e7ea7554f8b4b8e [stream]
[debug] [2023-12-17T01:27:19.504Z] [hosting][upload queue][FINAL] {"max":5849,"min":1586,"avg":2747.7777777777774,"active":0,"complete":18,"success":18,"errored":0,"retried":0,"total":18,"elapsed":5850}
[info] i  hosting: upload complete 
[info] ✔  hosting[sistem-informasi-8]: file upload complete 
[debug] [2023-12-17T01:27:19.505Z] [hosting] deploy completed after 7074ms
[debug] [2023-12-17T01:27:19.505Z] [
  {
    "config": {
      "source": ".",
      "ignore": [
        "firebase.json",
        "**/.*",
        "**/node_modules/**"
      ],
      "frameworksBackend": {
        "region": "asia-east1"
      },
      "site": "sistem-informasi-8",
      "rewrites": [
        {
          "source": "**",
          "destination": "/index.html"
        }
      ],
      "redirects": [],
      "headers": [
        {
          "source": "**/*.[jt]s",
          "headers": [
            {
              "key": "Set-Cookie",
              "value": "__FIREBASE_DEFAULTS__=eyJjb25maWciOnsicHJvamVjdElkIjoic2lzdGVtLWluZm9ybWFzaS04IiwiYXBwSWQiOiIxOjY2MjU0ODIzMTYxNDp3ZWI6MmEwMTg5ZjM4NmUwN2Y4MmFlNzVlZiIsInN0b3JhZ2VCdWNrZXQiOiJzaXN0ZW0taW5mb3JtYXNpLTguYXBwc3BvdC5jb20iLCJsb2NhdGlvbklkIjoiYXNpYS1zb3V0aGVhc3QyIiwiYXBpS2V5IjoiQUl6YVN5RHJPUVprcVdnU3RrbFNHTkY2ZmpuOFZsckVrN216M29ZIiwiYXV0aERvbWFpbiI6InNpc3RlbS1pbmZvcm1hc2ktOC5maXJlYmFzZWFwcC5jb20iLCJtZXNzYWdpbmdTZW5kZXJJZCI6IjY2MjU0ODIzMTYxNCIsIm1lYXN1cmVtZW50SWQiOiJHLUVHOE1CU0NIVkoifX0; SameSite=Strict; Expires=2025-11-10T12:07:10.302Z; Path=/;"
            }
          ]
        }
      ],
      "cleanUrls": true,
      "public": ".firebase/sistem-informasi-8/hosting",
      "webFramework": "vite"
    },
    "version": "projects/662548231614/sites/sistem-informasi-8/versions/7aa471a1c7747bc4"
  }
]
[info] i  hosting[sistem-informasi-8]: finalizing version... 
[debug] [2023-12-17T01:27:19.506Z] >>> [apiv2][query] PATCH https://firebasehosting.googleapis.com/v1beta1/projects/-/sites/sistem-informasi-8/versions/7aa471a1c7747bc4 updateMask=status%2Cconfig
[debug] [2023-12-17T01:27:19.506Z] >>> [apiv2][body] PATCH https://firebasehosting.googleapis.com/v1beta1/projects/-/sites/sistem-informasi-8/versions/7aa471a1c7747bc4 {"status":"FINALIZED","config":{"rewrites":[{"glob":"**","path":"/index.html"}],"redirects":[],"headers":[{"glob":"**/*.[jt]s","headers":{"Set-Cookie":"__FIREBASE_DEFAULTS__=eyJjb25maWciOnsicHJvamVjdElkIjoic2lzdGVtLWluZm9ybWFzaS04IiwiYXBwSWQiOiIxOjY2MjU0ODIzMTYxNDp3ZWI6MmEwMTg5ZjM4NmUwN2Y4MmFlNzVlZiIsInN0b3JhZ2VCdWNrZXQiOiJzaXN0ZW0taW5mb3JtYXNpLTguYXBwc3BvdC5jb20iLCJsb2NhdGlvbklkIjoiYXNpYS1zb3V0aGVhc3QyIiwiYXBpS2V5IjoiQUl6YVN5RHJPUVprcVdnU3RrbFNHTkY2ZmpuOFZsckVrN216M29ZIiwiYXV0aERvbWFpbiI6InNpc3RlbS1pbmZvcm1hc2ktOC5maXJlYmFzZWFwcC5jb20iLCJtZXNzYWdpbmdTZW5kZXJJZCI6IjY2MjU0ODIzMTYxNCIsIm1lYXN1cmVtZW50SWQiOiJHLUVHOE1CU0NIVkoifX0; SameSite=Strict; Expires=2025-11-10T12:07:10.302Z; Path=/;"}}],"cleanUrls":true,"trailingSlashBehavior":"REMOVE"}}
[debug] [2023-12-17T01:27:20.604Z] <<< [apiv2][status] PATCH https://firebasehosting.googleapis.com/v1beta1/projects/-/sites/sistem-informasi-8/versions/7aa471a1c7747bc4 200
[debug] [2023-12-17T01:27:20.604Z] <<< [apiv2][body] PATCH https://firebasehosting.googleapis.com/v1beta1/projects/-/sites/sistem-informasi-8/versions/7aa471a1c7747bc4 {"name":"projects/662548231614/sites/sistem-informasi-8/versions/7aa471a1c7747bc4","status":"FINALIZED","config":{"headers":[{"headers":{"Set-Cookie":"__FIREBASE_DEFAULTS__=eyJjb25maWciOnsicHJvamVjdElkIjoic2lzdGVtLWluZm9ybWFzaS04IiwiYXBwSWQiOiIxOjY2MjU0ODIzMTYxNDp3ZWI6MmEwMTg5ZjM4NmUwN2Y4MmFlNzVlZiIsInN0b3JhZ2VCdWNrZXQiOiJzaXN0ZW0taW5mb3JtYXNpLTguYXBwc3BvdC5jb20iLCJsb2NhdGlvbklkIjoiYXNpYS1zb3V0aGVhc3QyIiwiYXBpS2V5IjoiQUl6YVN5RHJPUVprcVdnU3RrbFNHTkY2ZmpuOFZsckVrN216M29ZIiwiYXV0aERvbWFpbiI6InNpc3RlbS1pbmZvcm1hc2ktOC5maXJlYmFzZWFwcC5jb20iLCJtZXNzYWdpbmdTZW5kZXJJZCI6IjY2MjU0ODIzMTYxNCIsIm1lYXN1cmVtZW50SWQiOiJHLUVHOE1CU0NIVkoifX0; SameSite=Strict; Expires=2025-11-10T12:07:10.302Z; Path=/;"},"glob":"**/*.[jt]s"}],"rewrites":[{"glob":"**","path":"/index.html"}],"cleanUrls":true,"trailingSlashBehavior":"REMOVE"},"labels":{"deployment-tool":"cli-firebase","firebase-web-framework":"vite"},"createTime":"2023-12-17T01:27:10.900993Z","createUser":{"email":"ahmadsultanidayanullah@gmail.com"},"finalizeTime":"2023-12-17T01:27:20.188848Z","finalizeUser":{"email":"ahmadsultanidayanullah@gmail.com"}}
[debug] [2023-12-17T01:27:20.604Z] [hosting] finalized version for sistem-informasi-8:[object Object]
[info] ✔  hosting[sistem-informasi-8]: version finalized 
[info] i  hosting[sistem-informasi-8]: releasing new version... 
[debug] [2023-12-17T01:27:20.605Z] >>> [apiv2][query] POST https://firebasehosting.googleapis.com/v1beta1/projects/-/sites/sistem-informasi-8/channels/live/releases versionName=projects%2F662548231614%2Fsites%2Fsistem-informasi-8%2Fversions%2F7aa471a1c7747bc4
[debug] [2023-12-17T01:27:20.605Z] >>> [apiv2][body] POST https://firebasehosting.googleapis.com/v1beta1/projects/-/sites/sistem-informasi-8/channels/live/releases {}
[debug] [2023-12-17T01:27:21.622Z] <<< [apiv2][status] POST https://firebasehosting.googleapis.com/v1beta1/projects/-/sites/sistem-informasi-8/channels/live/releases 200
[debug] [2023-12-17T01:27:21.622Z] <<< [apiv2][body] POST https://firebasehosting.googleapis.com/v1beta1/projects/-/sites/sistem-informasi-8/channels/live/releases {"name":"projects/662548231614/sites/sistem-informasi-8/channels/live/releases/1702776440683000","version":{"name":"projects/662548231614/sites/sistem-informasi-8/versions/7aa471a1c7747bc4","status":"FINALIZED","config":{"headers":[{"headers":{"Set-Cookie":"__FIREBASE_DEFAULTS__=eyJjb25maWciOnsicHJvamVjdElkIjoic2lzdGVtLWluZm9ybWFzaS04IiwiYXBwSWQiOiIxOjY2MjU0ODIzMTYxNDp3ZWI6MmEwMTg5ZjM4NmUwN2Y4MmFlNzVlZiIsInN0b3JhZ2VCdWNrZXQiOiJzaXN0ZW0taW5mb3JtYXNpLTguYXBwc3BvdC5jb20iLCJsb2NhdGlvbklkIjoiYXNpYS1zb3V0aGVhc3QyIiwiYXBpS2V5IjoiQUl6YVN5RHJPUVprcVdnU3RrbFNHTkY2ZmpuOFZsckVrN216M29ZIiwiYXV0aERvbWFpbiI6InNpc3RlbS1pbmZvcm1hc2ktOC5maXJlYmFzZWFwcC5jb20iLCJtZXNzYWdpbmdTZW5kZXJJZCI6IjY2MjU0ODIzMTYxNCIsIm1lYXN1cmVtZW50SWQiOiJHLUVHOE1CU0NIVkoifX0; SameSite=Strict; Expires=2025-11-10T12:07:10.302Z; Path=/;"},"glob":"**/*.[jt]s"}],"rewrites":[{"glob":"**","path":"/index.html"}],"cleanUrls":true,"trailingSlashBehavior":"REMOVE"},"labels":{"deployment-tool":"cli-firebase","firebase-web-framework":"vite"},"createTime":"2023-12-17T01:27:10.900993Z","createUser":{"email":"ahmadsultanidayanullah@gmail.com","imageUrl":"https://lh3.googleusercontent.com/a/ACg8ocLxl1dmZadLdU_pWJXQl7GIWFpI3pTzlb7qqcOrAUl8zw"},"finalizeTime":"2023-12-17T01:27:20.188848Z","finalizeUser":{"email":"ahmadsultanidayanullah@gmail.com","imageUrl":"https://lh3.googleusercontent.com/a/ACg8ocLxl1dmZadLdU_pWJXQl7GIWFpI3pTzlb7qqcOrAUl8zw"}},"type":"DEPLOY","releaseTime":"2023-12-17T01:27:20.683Z","releaseUser":{"email":"ahmadsultanidayanullah@gmail.com","imageUrl":"https://lh3.googleusercontent.com/a/ACg8ocLxl1dmZadLdU_pWJXQl7GIWFpI3pTzlb7qqcOrAUl8zw"}}
[debug] [2023-12-17T01:27:21.623Z] [hosting] release: {"name":"projects/662548231614/sites/sistem-informasi-8/channels/live/releases/1702776440683000","version":{"name":"projects/662548231614/sites/sistem-informasi-8/versions/7aa471a1c7747bc4","status":"FINALIZED","config":{"headers":[{"headers":{"Set-Cookie":"__FIREBASE_DEFAULTS__=eyJjb25maWciOnsicHJvamVjdElkIjoic2lzdGVtLWluZm9ybWFzaS04IiwiYXBwSWQiOiIxOjY2MjU0ODIzMTYxNDp3ZWI6MmEwMTg5ZjM4NmUwN2Y4MmFlNzVlZiIsInN0b3JhZ2VCdWNrZXQiOiJzaXN0ZW0taW5mb3JtYXNpLTguYXBwc3BvdC5jb20iLCJsb2NhdGlvbklkIjoiYXNpYS1zb3V0aGVhc3QyIiwiYXBpS2V5IjoiQUl6YVN5RHJPUVprcVdnU3RrbFNHTkY2ZmpuOFZsckVrN216M29ZIiwiYXV0aERvbWFpbiI6InNpc3RlbS1pbmZvcm1hc2ktOC5maXJlYmFzZWFwcC5jb20iLCJtZXNzYWdpbmdTZW5kZXJJZCI6IjY2MjU0ODIzMTYxNCIsIm1lYXN1cmVtZW50SWQiOiJHLUVHOE1CU0NIVkoifX0; SameSite=Strict; Expires=2025-11-10T12:07:10.302Z; Path=/;"},"glob":"**/*.[jt]s"}],"rewrites":[{"glob":"**","path":"/index.html"}],"cleanUrls":true,"trailingSlashBehavior":"REMOVE"},"labels":{"deployment-tool":"cli-firebase","firebase-web-framework":"vite"},"createTime":"2023-12-17T01:27:10.900993Z","createUser":{"email":"ahmadsultanidayanullah@gmail.com","imageUrl":"https://lh3.googleusercontent.com/a/ACg8ocLxl1dmZadLdU_pWJXQl7GIWFpI3pTzlb7qqcOrAUl8zw"},"finalizeTime":"2023-12-17T01:27:20.188848Z","finalizeUser":{"email":"ahmadsultanidayanullah@gmail.com","imageUrl":"https://lh3.googleusercontent.com/a/ACg8ocLxl1dmZadLdU_pWJXQl7GIWFpI3pTzlb7qqcOrAUl8zw"}},"type":"DEPLOY","releaseTime":"2023-12-17T01:27:20.683Z","releaseUser":{"email":"ahmadsultanidayanullah@gmail.com","imageUrl":"https://lh3.googleusercontent.com/a/ACg8ocLxl1dmZadLdU_pWJXQl7GIWFpI3pTzlb7qqcOrAUl8zw"}}
[info] ✔  hosting[sistem-informasi-8]: release complete 
[info] 
[info] ✔  Deploy complete! 
[info] 
[info] Project Console: https://console.firebase.google.com/project/sistem-informasi-8/overview
[info] Hosting URL: https://sistem-informasi-8.web.app
